# JRE version: OpenJDK Runtime Environment (11.0.4+10) (build 11.0.4+10-b304.77)
# Java VM: OpenJDK 64-Bit Server VM (11.0.4+10-b304.77, mixed mode, tiered, compressed oops, g1 gc, windows-amd64)
Heap:
 garbage-first heap   total 504832K, used 13764K [0x0000000081600000, 0x0000000100000000)
  region size 1024K, 1 young (1024K), 1 survivors (1024K)
 Metaspace       used 19738K, capacity 20179K, committed 20352K, reserved 1067008K
  class space    used 1944K, capacity 2135K, committed 2176K, reserved 1048576K
GC Heap History (10 events):
Event: 22.169 GC heap after
{Heap after GC invocations=23 (full 0):
 garbage-first heap   total 177152K, used 13509K [0x0000000081600000, 0x0000000100000000)
  region size 1024K, 1 young (1024K), 1 survivors (1024K)
 Metaspace       used 19721K, capacity 20115K, committed 20352K, reserved 1067008K
  class space    used 1944K, capacity 2135K, committed 2176K, reserved 1048576K
}
Event: 22.192 GC heap before
{Heap before GC invocations=23 (full 0):
 garbage-first heap   total 177152K, used 116933K [0x0000000081600000, 0x0000000100000000)
  region size 1024K, 103 young (105472K), 1 survivors (1024K)
 Metaspace       used 19723K, capacity 20115K, committed 20352K, reserved 1067008K
  class space    used 1944K, capacity 2135K, committed 2176K, reserved 1048576K
}
Event: 22.196 GC heap after
{Heap after GC invocations=24 (full 0):
 garbage-first heap   total 275456K, used 13508K [0x0000000081600000, 0x0000000100000000)
  region size 1024K, 1 young (1024K), 1 survivors (1024K)
 Metaspace       used 19723K, capacity 20115K, committed 20352K, reserved 1067008K
  class space    used 1944K, capacity 2135K, committed 2176K, reserved 1048576K
}
Event: 22.248 GC heap before
{Heap before GC invocations=24 (full 0):
 garbage-first heap   total 275456K, used 158916K [0x0000000081600000, 0x0000000100000000)
  region size 1024K, 144 young (147456K), 1 survivors (1024K)
 Metaspace       used 19723K, capacity 20115K, committed 20352K, reserved 1067008K
  class space    used 1944K, capacity 2135K, committed 2176K, reserved 1048576K
}
Event: 22.251 GC heap after
{Heap after GC invocations=25 (full 0):
 garbage-first heap   total 275456K, used 13562K [0x0000000081600000, 0x0000000100000000)
  region size 1024K, 1 young (1024K), 1 survivors (1024K)
 Metaspace       used 19723K, capacity 20115K, committed 20352K, reserved 1067008K
  class space    used 1944K, capacity 2135K, committed 2176K, reserved 1048576K
}
Event: 22.300 GC heap before
{Heap before GC invocations=25 (full 0):
 garbage-first heap   total 275456K, used 176378K [0x0000000081600000, 0x0000000100000000)
  region size 1024K, 161 young (164864K), 1 survivors (1024K)
 Metaspace       used 19738K, capacity 20179K, committed 20352K, reserved 1067008K
  class space    used 1944K, capacity 2135K, committed 2176K, reserved 1048576K
}
Event: 22.301 GC heap after
{Heap after GC invocations=26 (full 0):
 garbage-first heap   total 275456K, used 13659K [0x0000000081600000, 0x0000000100000000)
  region size 1024K, 1 young (1024K), 1 survivors (1024K)
 Metaspace       used 19738K, capacity 20179K, committed 20352K, reserved 1067008K
  class space    used 1944K, capacity 2135K, committed 2176K, reserved 1048576K
}
Event: 22.325 GC heap before
{Heap before GC invocations=26 (full 0):
 garbage-first heap   total 275456K, used 176475K [0x0000000081600000, 0x0000000100000000)
  region size 1024K, 161 young (164864K), 1 survivors (1024K)
 Metaspace       used 19738K, capacity 20179K, committed 20352K, reserved 1067008K
  class space    used 1944K, capacity 2135K, committed 2176K, reserved 1048576K
}
Event: 22.326 GC heap after
{Heap after GC invocations=27 (full 0):
 garbage-first heap   total 275456K, used 13754K [0x0000000081600000, 0x0000000100000000)
  region size 1024K, 1 young (1024K), 1 survivors (1024K)
 Metaspace       used 19738K, capacity 20179K, committed 20352K, reserved 1067008K
  class space    used 1944K, capacity 2135K, committed 2176K, reserved 1048576K
}
Event: 22.366 GC heap before
{Heap before GC invocations=27 (full 0):
 garbage-first heap   total 275456K, used 176570K [0x0000000081600000, 0x0000000100000000)
  region size 1024K, 161 young (164864K), 1 survivors (1024K)
 Metaspace       used 19738K, capacity 20179K, committed 20352K, reserved 1067008K
  class space    used 1944K, capacity 2135K, committed 2176K, reserved 1048576K
}

